{
  "RSpec": {
    "coverage": {
      "/Users/yuri/workspace/runteq/sotsugyo/mokumoku/spec/support/capybara.rb": {
        "lines": [
          1,
          1,
          29,
          null,
          null
        ]
      },
      "/Users/yuri/workspace/runteq/sotsugyo/mokumoku/spec/support/login_macros.rb": {
        "lines": [
          1,
          1,
          20,
          20,
          20,
          20,
          null,
          null
        ]
      },
      "/Users/yuri/workspace/runteq/sotsugyo/mokumoku/app/models/user.rb": {
        "lines": [
          null,
          null,
          1,
          1,
          null,
          1,
          1,
          1,
          1,
          1,
          1,
          1,
          1,
          1,
          1,
          null,
          54,
          54,
          54,
          null,
          1,
          null,
          1,
          null,
          1,
          2,
          1,
          2,
          1,
          2,
          1,
          2,
          null,
          1,
          10,
          null,
          null,
          1,
          4,
          null,
          null,
          1,
          3,
          null,
          null,
          1,
          1,
          null,
          null,
          1,
          0,
          null,
          null,
          1,
          0,
          null,
          null,
          1,
          35,
          null,
          null,
          1,
          10,
          null,
          null,
          1,
          6,
          null,
          null,
          1,
          0,
          null,
          null,
          1,
          0,
          null,
          null,
          1,
          0,
          null,
          null
        ]
      },
      "/Users/yuri/workspace/runteq/sotsugyo/mokumoku/app/models/application_record.rb": {
        "lines": [
          null,
          null,
          1,
          1,
          null
        ]
      },
      "/Users/yuri/workspace/runteq/sotsugyo/mokumoku/spec/requests/api/me/events_spec.rb": {
        "lines": [
          null,
          null,
          1,
          null,
          1,
          1,
          2,
          2,
          2,
          1,
          1,
          1,
          1,
          1,
          null,
          null,
          1,
          1,
          1,
          1,
          1,
          2,
          null,
          null,
          null,
          null,
          null,
          null,
          null,
          null,
          null
        ]
      },
      "/Users/yuri/workspace/runteq/sotsugyo/mokumoku/spec/system/events_spec.rb": {
        "lines": [
          1,
          null,
          1,
          7,
          7,
          null,
          1,
          1,
          1,
          1,
          null,
          null,
          1,
          1,
          1,
          1,
          1,
          1,
          null,
          null,
          null,
          1,
          1,
          5,
          null,
          null,
          1,
          1,
          1,
          1,
          1,
          1,
          1,
          null,
          1,
          1,
          1,
          1,
          null,
          1,
          1,
          1,
          1,
          null,
          1,
          1,
          1,
          1,
          null,
          null,
          1,
          1,
          1,
          1,
          1,
          1,
          1,
          null,
          1,
          1,
          1,
          1,
          null,
          1,
          1,
          1,
          1,
          null,
          1,
          1,
          1,
          1,
          null,
          null,
          1,
          1,
          1,
          1,
          1,
          1,
          1,
          null,
          1,
          null,
          null,
          1,
          1,
          1,
          1,
          1,
          1,
          1,
          null,
          1,
          null,
          null,
          1,
          1,
          1,
          1,
          1,
          1,
          1,
          null,
          1,
          null,
          null,
          null,
          1,
          1,
          5,
          null,
          null,
          1,
          1,
          1,
          1,
          1,
          1,
          1,
          null,
          1,
          1,
          1,
          1,
          null,
          1,
          1,
          1,
          1,
          null,
          null,
          1,
          1,
          1,
          1,
          1,
          1,
          1,
          null,
          1,
          1,
          1,
          1,
          null,
          1,
          1,
          1,
          1,
          null,
          1,
          1,
          1,
          1,
          null,
          null,
          1,
          1,
          1,
          1,
          1,
          1,
          1,
          null,
          1,
          null,
          null,
          1,
          1,
          1,
          1,
          1,
          1,
          1,
          null,
          1,
          null,
          null,
          1,
          1,
          1,
          1,
          1,
          1,
          1,
          null,
          1,
          null,
          null,
          null,
          null
        ]
      },
      "/Users/yuri/workspace/runteq/sotsugyo/mokumoku/spec/system/sessions_spec.rb": {
        "lines": [
          1,
          null,
          1,
          2,
          null,
          1,
          1,
          1,
          1,
          1,
          1,
          null,
          1,
          null,
          null,
          1,
          1,
          1,
          1,
          1,
          null,
          1,
          1,
          null,
          null,
          null
        ]
      },
      "/Users/yuri/workspace/runteq/sotsugyo/mokumoku/spec/system/users_spec.rb": {
        "lines": [
          1,
          null,
          1,
          1,
          1,
          1,
          1,
          1,
          1,
          1,
          1,
          1,
          null,
          1,
          1,
          1,
          1,
          null,
          1,
          null,
          null,
          1,
          1,
          1,
          1,
          1,
          1,
          1,
          null,
          1,
          1,
          1,
          1,
          null,
          1,
          1,
          null,
          null,
          1,
          1,
          1,
          1,
          1,
          1,
          1,
          1,
          null,
          1,
          1,
          1,
          1,
          null,
          1,
          1,
          null,
          null,
          1,
          1,
          1,
          1,
          1,
          1,
          1,
          1,
          null,
          1,
          1,
          1,
          1,
          null,
          1,
          1,
          null,
          null,
          null,
          1,
          1,
          1,
          1,
          1,
          1,
          1,
          1,
          null,
          1,
          null,
          null,
          1,
          1,
          1,
          1,
          1,
          1,
          1,
          null,
          1,
          null,
          null,
          1,
          1,
          1,
          1,
          1,
          1,
          1,
          null,
          1,
          null,
          null,
          null,
          null
        ]
      },
      "/Users/yuri/workspace/runteq/sotsugyo/mokumoku/spec/system/woman_only_events_spec.rb": {
        "lines": [
          1,
          null,
          1,
          4,
          5,
          1,
          8,
          null,
          1,
          1,
          1,
          3,
          3,
          null,
          null,
          1,
          1,
          1,
          1,
          null,
          null,
          1,
          1,
          1,
          1,
          1,
          null,
          null,
          1,
          1,
          1,
          1,
          null,
          null,
          null,
          1,
          1,
          4,
          4,
          null,
          null,
          1,
          1,
          1,
          1,
          null,
          null,
          1,
          1,
          1,
          1,
          1,
          null,
          1,
          null,
          null,
          1,
          1,
          1,
          1,
          1,
          1,
          1,
          1,
          null,
          1,
          1,
          1,
          1,
          1,
          null,
          1,
          1,
          1,
          1,
          1,
          null,
          null,
          1,
          1,
          1,
          1,
          1,
          1,
          1,
          null,
          1,
          1,
          1,
          1,
          1,
          1,
          1,
          null,
          1,
          1,
          1,
          1,
          1,
          null,
          1,
          1,
          1,
          1,
          1,
          null,
          null,
          null,
          null
        ]
      },
      "/Users/yuri/workspace/runteq/sotsugyo/mokumoku/spec/system/woman_users_spec.rb": {
        "lines": [
          1,
          null,
          1,
          1,
          3,
          3,
          null,
          1,
          1,
          2,
          2,
          null,
          null,
          1,
          1,
          1,
          1,
          1,
          null,
          null,
          1,
          1,
          1,
          1,
          1,
          1,
          null,
          null,
          null
        ]
      },
      "/Users/yuri/workspace/runteq/sotsugyo/mokumoku/db/seeds.rb": {
        "lines": [
          null,
          null,
          1
        ]
      },
      "/Users/yuri/workspace/runteq/sotsugyo/mokumoku/db/environment/test.rb": {
        "lines": [
          null,
          null,
          1,
          1
        ]
      },
      "/Users/yuri/workspace/runteq/sotsugyo/mokumoku/db/seeds/prefectures.rb": {
        "lines": [
          null,
          null,
          1,
          1,
          1,
          1,
          1,
          1,
          1,
          1,
          1,
          1,
          1,
          1,
          1,
          1,
          1,
          1,
          1,
          1,
          1,
          1,
          1,
          1,
          1,
          1,
          1,
          1,
          1,
          1,
          1,
          1,
          1,
          1,
          1,
          1,
          1,
          1,
          1,
          1,
          1,
          1,
          1,
          1,
          1,
          1,
          1,
          1,
          1
        ]
      },
      "/Users/yuri/workspace/runteq/sotsugyo/mokumoku/app/models/prefecture.rb": {
        "lines": [
          null,
          null,
          1,
          1,
          null
        ]
      },
      "/Users/yuri/workspace/runteq/sotsugyo/mokumoku/db/seeds/notification_timings.rb": {
        "lines": [
          null,
          null,
          1,
          1,
          1,
          1
        ]
      },
      "/Users/yuri/workspace/runteq/sotsugyo/mokumoku/app/models/notification_timing.rb": {
        "lines": [
          null,
          null,
          1,
          1,
          1,
          null,
          null,
          null,
          null,
          null,
          null
        ]
      },
      "/Users/yuri/workspace/runteq/sotsugyo/mokumoku/app/models/user_notification_timing.rb": {
        "lines": [
          null,
          null,
          1,
          1,
          1,
          null,
          1,
          null
        ]
      },
      "/Users/yuri/workspace/runteq/sotsugyo/mokumoku/app/models/event.rb": {
        "lines": [
          null,
          null,
          1,
          1,
          1,
          1,
          1,
          1,
          1,
          1,
          1,
          1,
          null,
          41,
          3,
          null,
          1,
          1,
          1,
          1,
          null,
          null,
          1,
          10,
          null,
          null,
          1,
          0,
          null,
          null
        ]
      },
      "/Users/yuri/workspace/runteq/sotsugyo/mokumoku/app/models/concerns/notifiable.rb": {
        "lines": [
          null,
          null,
          1,
          1,
          null,
          1,
          3,
          null,
          null
        ]
      },
      "/Users/yuri/workspace/runteq/sotsugyo/mokumoku/app/models/event_attendance.rb": {
        "lines": [
          null,
          null,
          1,
          1,
          1,
          1,
          null,
          1,
          null
        ]
      },
      "/Users/yuri/workspace/runteq/sotsugyo/mokumoku/app/models/notification.rb": {
        "lines": [
          null,
          null,
          1,
          1,
          1,
          1,
          1,
          null,
          1,
          null,
          1,
          null,
          null,
          null,
          null,
          null,
          null,
          77,
          null,
          1,
          6,
          null,
          null,
          null,
          null,
          null,
          null,
          null,
          null,
          null,
          1,
          0,
          null,
          null,
          null,
          null,
          null,
          null,
          null,
          null,
          null,
          1,
          0,
          null,
          null,
          null,
          null,
          null,
          null,
          null,
          null,
          null,
          1,
          0,
          null,
          null,
          null,
          null,
          null,
          null,
          null,
          null,
          null,
          null,
          1,
          0,
          null,
          null,
          0,
          null,
          0,
          null,
          0,
          null,
          0,
          null,
          0,
          null,
          null,
          null,
          null,
          null
        ]
      },
      "/Users/yuri/workspace/runteq/sotsugyo/mokumoku/app/controllers/sessions_controller.rb": {
        "lines": [
          null,
          null,
          1,
          1,
          null,
          1,
          27,
          27,
          26,
          null,
          1,
          1,
          null,
          null,
          null,
          1,
          0,
          0,
          null,
          null
        ]
      },
      "/Users/yuri/workspace/runteq/sotsugyo/mokumoku/app/controllers/application_controller.rb": {
        "lines": [
          null,
          null,
          1,
          null
        ]
      },
      "/Users/yuri/workspace/runteq/sotsugyo/mokumoku/app/controllers/api/me/events_controller.rb": {
        "lines": [
          null,
          null,
          1,
          1,
          null,
          1,
          1,
          null,
          null
        ]
      },
      "/Users/yuri/workspace/runteq/sotsugyo/mokumoku/app/controllers/events_controller.rb": {
        "lines": [
          null,
          null,
          1,
          1,
          39,
          39,
          null,
          null,
          null,
          1,
          1,
          1,
          null,
          1,
          1,
          null,
          null,
          1,
          2,
          2,
          null,
          2,
          2,
          null,
          null,
          1,
          8,
          null,
          null,
          1,
          7,
          7,
          4,
          6,
          null,
          null,
          4,
          null,
          3,
          null,
          null,
          null,
          1,
          10,
          null,
          null,
          1,
          6,
          null,
          null,
          1,
          6,
          6,
          3,
          null,
          3,
          null,
          null,
          null,
          1,
          null,
          1,
          13,
          null,
          null
        ]
      },
      "/Users/yuri/workspace/runteq/sotsugyo/mokumoku/app/decorators/user_decorator.rb": {
        "lines": [
          null,
          null,
          1,
          1,
          null,
          1,
          199,
          null,
          null
        ]
      },
      "/Users/yuri/workspace/runteq/sotsugyo/mokumoku/app/models/bookmark.rb": {
        "lines": [
          null,
          null,
          1,
          1,
          1,
          null,
          1,
          null
        ]
      },
      "/Users/yuri/workspace/runteq/sotsugyo/mokumoku/app/decorators/event_decorator.rb": {
        "lines": [
          null,
          null,
          1,
          1,
          null,
          1,
          55,
          null,
          null
        ]
      },
      "/Users/yuri/workspace/runteq/sotsugyo/mokumoku/app/models/notification_facade.rb": {
        "lines": [
          null,
          null,
          1,
          1,
          6,
          6,
          null,
          0,
          null,
          null,
          1,
          0,
          0,
          null,
          0,
          null,
          null,
          1,
          0,
          0,
          null,
          0,
          null,
          null,
          1,
          0,
          0,
          null,
          0,
          null,
          null
        ]
      },
      "/Users/yuri/workspace/runteq/sotsugyo/mokumoku/app/models/comment.rb": {
        "lines": [
          null,
          null,
          1,
          1,
          1,
          1,
          null
        ]
      },
      "/Users/yuri/workspace/runteq/sotsugyo/mokumoku/app/controllers/users_controller.rb": {
        "lines": [
          null,
          null,
          1,
          1,
          7,
          null,
          null,
          1,
          7,
          7,
          4,
          4,
          null,
          3,
          3,
          null,
          null,
          null,
          1,
          7,
          null,
          null
        ]
      }
    },
    "timestamp": 1667732494
  }
}
